This is pdfTeX, Version 3.141592653-2.6-1.40.22 (TeX Live 2021) (preloaded format=pdflatex 2022.2.22)  25 JUL 2022 13:22
entering extended mode
 restricted \write18 enabled.
 file:line:error style messages enabled.
 %&-line parsing enabled.
**disstemplate.tex
(./disstemplate.tex
LaTeX2e <2020-10-01> patch level 4
L3 programming layer <2021-02-18>
(/usr/local/texlive/2021/texmf-dist/tex/latex/base/report.cls
Document Class: report 2020/04/10 v1.4m Standard LaTeX document class
(/usr/local/texlive/2021/texmf-dist/tex/latex/base/size12.clo
File: size12.clo 2020/04/10 v1.4m Standard LaTeX file (size option)
)
\c@part=\count179
\c@chapter=\count180
\c@section=\count181
\c@subsection=\count182
\c@subsubsection=\count183
\c@paragraph=\count184
\c@subparagraph=\count185
\c@figure=\count186
\c@table=\count187
\abovecaptionskip=\skip47
\belowcaptionskip=\skip48
\bibindent=\dimen138
) (./utdiss2.sty
*
* U.T. Austin Doctoral Dissertation Format by Young. U. Ryu,
* June 1991. With some fixes by Miguel A. Lerma, Fall 1995, 
* Spring 1996, Summer 1996, Spring 1997, Summer 1997, Spring 1998.
*
* Modified to new Graduate School standards Fall 2001
* by Craig McCluskey mccluskey@mail.utexas.edu 
* - this is utdiss2-05.sty
*
\regular@textheight=\skip49
\short@textheight=\skip50
\c@regular@short=\count188
\one@num=\skip51
\two@num=\skip52
\three@num=\skip53
\four@num=\skip54
\five@num=\skip55
\six@num=\skip56
\c@onenum=\skip57
\c@twonum=\skip58
\c@threenum=\skip59
\c@fournum=\skip60
\c@fivenum=\skip61
\toc@chap@indent=\skip62
\chap@or@app=\count189
\with@parts=\count190
\c@no@chapters=\count191
\s@short@textheight=\skip63
\c@regular@short@col=\count192
* *
* *
* This is a dissertation *
* *
* *
\numberofsupervisors=\count193
\supervisornumbercounter=\count194
\numberofmembers=\count195
\membernumbercounter=\count196
) (/usr/local/texlive/2021/texmf-dist/tex/latex/amsmath/amsmath.sty
Package: amsmath 2020/09/23 v2.17i AMS math features
\@mathmargin=\skip64

For additional information on amsmath, use the `?' option.
(/usr/local/texlive/2021/texmf-dist/tex/latex/amsmath/amstext.sty
Package: amstext 2000/06/29 v2.01 AMS text

(/usr/local/texlive/2021/texmf-dist/tex/latex/amsmath/amsgen.sty
File: amsgen.sty 1999/11/30 v2.0 generic functions
\@emptytoks=\toks15
\ex@=\dimen139
))
(/usr/local/texlive/2021/texmf-dist/tex/latex/amsmath/amsbsy.sty
Package: amsbsy 1999/11/29 v1.2d Bold Symbols
\pmbraise@=\dimen140
)
(/usr/local/texlive/2021/texmf-dist/tex/latex/amsmath/amsopn.sty
Package: amsopn 2016/03/08 v2.02 operator names
)
\inf@bad=\count197
LaTeX Info: Redefining \frac on input line 234.
\uproot@=\count198
\leftroot@=\count199
LaTeX Info: Redefining \overline on input line 399.
\classnum@=\count266
\DOTSCASE@=\count267
LaTeX Info: Redefining \ldots on input line 496.
LaTeX Info: Redefining \dots on input line 499.
LaTeX Info: Redefining \cdots on input line 620.
\Mathstrutbox@=\box47
\strutbox@=\box48
\big@size=\dimen141
LaTeX Font Info:    Redeclaring font encoding OML on input line 743.
LaTeX Font Info:    Redeclaring font encoding OMS on input line 744.
\macc@depth=\count268
\c@MaxMatrixCols=\count269
\dotsspace@=\muskip16
\c@parentequation=\count270
\dspbrk@lvl=\count271
\tag@help=\toks16
\row@=\count272
\column@=\count273
\maxfields@=\count274
\andhelp@=\toks17
\eqnshift@=\dimen142
\alignsep@=\dimen143
\tagshift@=\dimen144
\tagwidth@=\dimen145
\totwidth@=\dimen146
\lineht@=\dimen147
\@envbody=\toks18
\multlinegap=\skip65
\multlinetaggap=\skip66
\mathdisplay@stack=\toks19
LaTeX Info: Redefining \[ on input line 2923.
LaTeX Info: Redefining \] on input line 2924.
)
(/usr/local/texlive/2021/texmf-dist/tex/latex/amscls/amsthm.sty
Package: amsthm 2020/05/29 v2.20.6
\thm@style=\toks20
\thm@bodyfont=\toks21
\thm@headfont=\toks22
\thm@notefont=\toks23
\thm@headpunct=\toks24
\thm@preskip=\skip67
\thm@postskip=\skip68
\thm@headsep=\skip69
\dth@everypar=\toks25
)
(/usr/local/texlive/2021/texmf-dist/tex/latex/amsfonts/amsfonts.sty
Package: amsfonts 2013/01/14 v3.01 Basic AMSFonts support
\symAMSa=\mathgroup4
\symAMSb=\mathgroup5
LaTeX Font Info:    Redeclaring math symbol \hbar on input line 98.
LaTeX Font Info:    Overwriting math alphabet `\mathfrak' in version `bold'
(Font)                  U/euf/m/n --> U/euf/b/n on input line 106.
)
(/usr/local/texlive/2021/texmf-dist/tex/latex/amsmath/amscd.sty
Package: amscd 2017/04/14 v2.1 AMS Commutative Diagrams
\athelp@=\toks26
\minaw@=\dimen148
\bigaw@=\dimen149
\minCDarrowwidth=\dimen150
)
(/usr/local/texlive/2021/texmf-dist/tex/latex/amsfonts/eucal.sty
Package: eucal 2009/06/22 v3.00 Euler Script fonts
LaTeX Font Info:    Overwriting math alphabet `\EuScript' in version `bold'
(Font)                  U/eus/m/n --> U/eus/b/n on input line 33.
)
(/usr/local/texlive/2021/texmf-dist/tex/latex/tools/verbatim.sty
Package: verbatim 2020-07-07 v1.5u LaTeX2e package for verbatim enhancements
\every@verbatim=\toks27
\verbatim@line=\toks28
\verbatim@in@stream=\read2
)
(/usr/local/texlive/2021/texmf-dist/tex/latex/base/makeidx.sty
Package: makeidx 2014/09/29 v1.0m Standard LaTeX package
)
(/usr/local/texlive/2021/texmf-dist/tex/latex/graphics/epsfig.sty
Package: epsfig 2017/06/25 v1.7b (e)psfig emulation (SPQR)

(/usr/local/texlive/2021/texmf-dist/tex/latex/graphics/graphicx.sty
Package: graphicx 2020/09/09 v1.2b Enhanced LaTeX Graphics (DPC,SPQR)

(/usr/local/texlive/2021/texmf-dist/tex/latex/graphics/keyval.sty
Package: keyval 2014/10/28 v1.15 key=value parser (DPC)
\KV@toks@=\toks29
)
(/usr/local/texlive/2021/texmf-dist/tex/latex/graphics/graphics.sty
Package: graphics 2020/08/30 v1.4c Standard LaTeX Graphics (DPC,SPQR)

(/usr/local/texlive/2021/texmf-dist/tex/latex/graphics/trig.sty
Package: trig 2016/01/03 v1.10 sin cos tan (DPC)
)
(/usr/local/texlive/2021/texmf-dist/tex/latex/graphics-cfg/graphics.cfg
File: graphics.cfg 2016/06/04 v1.11 sample graphics configuration
)
Package graphics Info: Driver file: pdftex.def on input line 105.

(/usr/local/texlive/2021/texmf-dist/tex/latex/graphics-def/pdftex.def
File: pdftex.def 2020/10/05 v1.2a Graphics/color driver for pdftex
))
\Gin@req@height=\dimen151
\Gin@req@width=\dimen152
)
\epsfxsize=\dimen153
\epsfysize=\dimen154
)
(/usr/local/texlive/2021/texmf-dist/tex/latex/url/url.sty
\Urlmuskip=\muskip17
Package: url 2013/09/16  ver 3.4  Verb mode for urls, etc.
)
* *
* *
* This is a master thesis *
* *
* *
\c@thm=\count275
\c@ax=\count276
\c@defn=\count277
\c@rem=\count278
\@indexfile=\write3
\openout3 = `disstemplate.idx'.

Writing index file disstemplate.idx
(/usr/local/texlive/2021/texmf-dist/tex/latex/l3backend/l3backend-pdftex.def
File: l3backend-pdftex.def 2021-03-18 L3 backend support: PDF output (pdfTeX)
\l__color_backend_stack_int=\count279
\l__pdf_internal_box=\box49
)
(./disstemplate.aux)
\openout1 = `disstemplate.aux'.

LaTeX Font Info:    Checking defaults for OML/cmm/m/it on input line 236.
LaTeX Font Info:    ... okay on input line 236.
LaTeX Font Info:    Checking defaults for OMS/cmsy/m/n on input line 236.
LaTeX Font Info:    ... okay on input line 236.
LaTeX Font Info:    Checking defaults for OT1/cmr/m/n on input line 236.
LaTeX Font Info:    ... okay on input line 236.
LaTeX Font Info:    Checking defaults for T1/cmr/m/n on input line 236.
LaTeX Font Info:    ... okay on input line 236.
LaTeX Font Info:    Checking defaults for TS1/cmr/m/n on input line 236.
LaTeX Font Info:    ... okay on input line 236.
LaTeX Font Info:    Checking defaults for OMX/cmex/m/n on input line 236.
LaTeX Font Info:    ... okay on input line 236.
LaTeX Font Info:    Checking defaults for U/cmr/m/n on input line 236.
LaTeX Font Info:    ... okay on input line 236.

(/usr/local/texlive/2021/texmf-dist/tex/context/base/mkii/supp-pdf.mkii
[Loading MPS to PDF converter (version 2006.09.02).]
\scratchcounter=\count280
\scratchdimen=\dimen155
\scratchbox=\box50
\nofMPsegments=\count281
\nofMParguments=\count282
\everyMPshowfont=\toks30
\MPscratchCnt=\count283
\MPscratchDim=\dimen156
\MPnumerator=\count284
\makeMPintoPDFobject=\count285
\everyMPtoPDFconversion=\toks31
) (/usr/local/texlive/2021/texmf-dist/tex/latex/epstopdf-pkg/epstopdf-base.sty
Package: epstopdf-base 2020-01-24 v2.11 Base part for package epstopdf
Package epstopdf-base Info: Redefining graphics rule for `.eps' on input line 4
85.

(/usr/local/texlive/2021/texmf-dist/tex/latex/latexconfig/epstopdf-sys.cfg
File: epstopdf-sys.cfg 2010/07/13 v1.3 Configuration of (r)epstopdf for TeX Liv
e
))
[1

{/usr/local/texlive/2021/texmf-var/fonts/map/pdftex/updmap/pdftex.map}]
[2

] [3

] [4

]
LaTeX Font Info:    Trying to load font information for U+msa on input line 283
.
 (/usr/local/texlive/2021/texmf-dist/tex/latex/amsfonts/umsa.fd
File: umsa.fd 2013/01/14 v3.01 AMS symbols A
)
LaTeX Font Info:    Trying to load font information for U+msb on input line 283
.

(/usr/local/texlive/2021/texmf-dist/tex/latex/amsfonts/umsb.fd
File: umsb.fd 2013/01/14 v3.01 AMS symbols B
) [5


]
No file disstemplate.toc.
\tf@toc=\write4
\openout4 = `disstemplate.toc'.

[6

]
No file disstemplate.lot.
\tf@lot=\write5
\openout5 = `disstemplate.lot'.

[7

]
No file disstemplate.lof.
\tf@lof=\write6
\openout6 = `disstemplate.lof'.

[8

]
\openout2 = `chapter-introduction.aux'.

 (./chapter-introduction.tex
Chapter 1.
LaTeX Font Info:    Trying to load font information for OMS+cmtt on input line 
16.
LaTeX Font Info:    No file OMScmtt.fd. on input line 16.

LaTeX Font Warning: Font shape `OMS/cmtt/m/n' undefined
(Font)              using `OMS/cmsy/m/n' instead
(Font)              for symbol `textbraceleft' on input line 16.

[1


] [2]) [3]
\openout2 = `chapter-instructions.aux'.

 (./chapter-instructions.tex
Chapter 2.
[4




] [5] [6] [7] [8]) [9]
\openout2 = `chapter-howtouse.aux'.

 (./chapter-howtouse.tex
Chapter 3.
[10




]
Overfull \hbox (7.919pt too wide) in paragraph at lines 48--52
[]\OT1/cmtt/m/n/12 \address\OMS/cmtt/m/n/12 f\OT1/cmtt/m/n/12 9905 Chukar Circl
e\\ Austin, Texas 78758\OMS/cmtt/m/n/12 g []\OT1/cmr/m/n/12 Re-place my
 []


Overfull \hbox (2.45023pt too wide) in paragraph at lines 54--60
[]\OT1/cmtt/m/n/12 \title\OMS/cmtt/m/n/12 f\OT1/cmtt/m/n/12 Writing a Doctoral 
Dissertation with \LaTeX\OMS/cmtt/m/n/12 fg \OT1/cmtt/m/n/12 at the
 []


Overfull \hbox (1.87137pt too wide) in paragraph at lines 61--67
[]\OT1/cmtt/m/n/12 \supervisor[Isaac Newton]\OMS/cmtt/m/n/12 f\OT1/cmtt/m/n/12 
Johannes Kepler\OMS/cmtt/m/n/12 g  []\OT1/cmr/m/n/12 This doc-u-ment has
 []

[11] [12] [13]
Overfull \hbox (3.89021pt too wide) in paragraph at lines 155--155
[]    \OT1/cmtt/m/n/12 ... text ...  % SECTION, SUBSECTION, SUBSUBSECTION) HEAD
INGS![] 
 []

[14] [15]

LaTeX Warning: Reference `c:bib' on page 16 undefined on input line 233.

[16]) [17]
\openout2 = `chapter-makingbib.aux'.

 (./chapter-makingbib.tex
Chapter 4.
[18




] [19]) [20]
\openout2 = `chapter-tables+figs.aux'.

 (./chapter-tables+figs.tex
Chapter 5.
[21




] [22]

LaTeX Warning: Reference `f:ex' on page 23 undefined on input line 96.

Package epstopdf Info: Source file: <pup-on-rug.eps>
(epstopdf)                    date: 2002-08-25 22:50:44
(epstopdf)                    size: 144027 bytes
(epstopdf)             Output file: <pup-on-rug-eps-converted-to.pdf>
(epstopdf)             Command: <repstopdf --outfile=pup-on-rug-eps-converted-t
o.pdf pup-on-rug.eps>
(epstopdf)             \includegraphics on input line 107.
runsystem(repstopdf --outfile=pup-on-rug-eps-converted-to.pdf pup-on-rug.eps)..
.executed safely (allowed).

Package epstopdf Info: Result file: <pup-on-rug-eps-converted-to.pdf>
(epstopdf)                    date: 2022-07-25 13:22:47
(epstopdf)                    size: 73064 bytes.
<pup-on-rug-eps-converted-to.pdf, id=110, 642.4pt x 481.8pt>
File: pup-on-rug-eps-converted-to.pdf Graphic file (type pdf)
<use pup-on-rug-eps-converted-to.pdf>
Package pdftex.def Info: pup-on-rug-eps-converted-to.pdf  used on input line 10
7.
(pdftex.def)             Requested size: 144.53375pt x 108.40031pt.
[23]

LaTeX Warning: Reference `f:circuit' on page 24 undefined on input line 122.


LaTeX Warning: Citation `gms:tlc' on page 24 undefined on input line 123.


LaTeX Warning: Reference `f:qb' on page 24 undefined on input line 155.

[24 <./pup-on-rug-eps-converted-to.pdf>] [25]) [26]
\openout2 = `chapter-math.aux'.

 (./chapter-math.tex
Chapter 6.

LaTeX Warning: Citation `bertin:psn' on page 27 undefined on input line 23.

LaTeX Font Info:    Trying to load font information for U+eus on input line 41.

(/usr/local/texlive/2021/texmf-dist/tex/latex/amsfonts/ueus.fd
File: ueus.fd 2013/01/14 v3.01 Euler Script
) [27




]

LaTeX Warning: Citation `poorten:sp' on page 28 undefined on input line 104.

[28]

LaTeX Warning: Reference `e:coldep' on page 29 undefined on input line 141.

[29]

LaTeX Warning: Reference `l:fatou' on page 30 undefined on input line 148.

[30]
LaTeX Font Info:    Trying to load font information for U+euf on input line 206
.
 (/usr/local/texlive/2021/texmf-dist/tex/latex/amsfonts/ueuf.fd
File: ueuf.fd 2013/01/14 v3.01 Euler Fraktur
)) [31]
Appendices.
[32



]
\openout2 = `chapter-appendix1.aux'.

 (./chapter-appendix1.tex
Appendix A.
) [33


]
\openout2 = `chapter-appendix2.aux'.

 (./chapter-appendix2.tex
Appendix B.
) [34




] [35]
\openout2 = `chapter-appendix3.aux'.

 (./chapter-appendix3.tex
Appendix C.
) [36




]
No file disstemplate.bbl.
No file disstemplate.ind.
[37



] (./disstemplate.aux (./chapter-introduction.aux)
(./chapter-instructions.aux) (./chapter-howtouse.aux) (./chapter-makingbib.aux)
(./chapter-tables+figs.aux) (./chapter-math.aux) (./chapter-appendix1.aux)
(./chapter-appendix2.aux) (./chapter-appendix3.aux))

LaTeX Font Warning: Some font shapes were not available, defaults substituted.


LaTeX Warning: There were undefined references.


LaTeX Warning: Label(s) may have changed. Rerun to get cross-references right.

 ) 
Here is how much of TeX's memory you used:
 2552 strings out of 478994
 35545 string characters out of 5858184
 421542 words of memory out of 5000000
 19941 multiletter control sequences out of 15000+600000
 416678 words of font info for 79 fonts, out of 8000000 for 9000
 1141 hyphenation exceptions out of 8191
 83i,17n,88p,265b,355s stack positions out of 5000i,500n,10000p,200000b,80000s
{/usr/local/texlive/2021/texmf-dist/fonts/enc/dvips/cm-super/cm-super-ts1.enc
}</usr/local/texlive/2021/texmf-dist/fonts/type1/public/amsfonts/cm/cmbx12.pfb>
</usr/local/texlive/2021/texmf-dist/fonts/type1/public/amsfonts/cm/cmbxti10.pfb
></usr/local/texlive/2021/texmf-dist/fonts/type1/public/amsfonts/cm/cmex10.pfb>
</usr/local/texlive/2021/texmf-dist/fonts/type1/public/amsfonts/cm/cmmi12.pfb><
/usr/local/texlive/2021/texmf-dist/fonts/type1/public/amsfonts/cm/cmmi8.pfb></u
sr/local/texlive/2021/texmf-dist/fonts/type1/public/amsfonts/cm/cmr10.pfb></usr
/local/texlive/2021/texmf-dist/fonts/type1/public/amsfonts/cm/cmr12.pfb></usr/l
ocal/texlive/2021/texmf-dist/fonts/type1/public/amsfonts/cm/cmr6.pfb></usr/loca
l/texlive/2021/texmf-dist/fonts/type1/public/amsfonts/cm/cmr7.pfb></usr/local/t
exlive/2021/texmf-dist/fonts/type1/public/amsfonts/cm/cmr8.pfb></usr/local/texl
ive/2021/texmf-dist/fonts/type1/public/amsfonts/cm/cmsl12.pfb></usr/local/texli
ve/2021/texmf-dist/fonts/type1/public/amsfonts/cm/cmsy10.pfb></usr/local/texliv
e/2021/texmf-dist/fonts/type1/public/amsfonts/cm/cmsy6.pfb></usr/local/texlive/
2021/texmf-dist/fonts/type1/public/amsfonts/cm/cmsy8.pfb></usr/local/texlive/20
21/texmf-dist/fonts/type1/public/amsfonts/cm/cmti12.pfb></usr/local/texlive/202
1/texmf-dist/fonts/type1/public/amsfonts/cm/cmti8.pfb></usr/local/texlive/2021/
texmf-dist/fonts/type1/public/amsfonts/cm/cmtt10.pfb></usr/local/texlive/2021/t
exmf-dist/fonts/type1/public/amsfonts/cm/cmtt12.pfb></usr/local/texlive/2021/te
xmf-dist/fonts/type1/public/amsfonts/euler/eufm10.pfb></usr/local/texlive/2021/
texmf-dist/fonts/type1/public/amsfonts/euler/eusm10.pfb></usr/local/texlive/202
1/texmf-dist/fonts/type1/public/amsfonts/latxfont/lcircle1.pfb></usr/local/texl
ive/2021/texmf-dist/fonts/type1/public/amsfonts/latxfont/line10.pfb></usr/local
/texlive/2021/texmf-dist/fonts/type1/public/amsfonts/symbols/msbm10.pfb></usr/l
ocal/texlive/2021/texmf-dist/fonts/type1/public/cm-super/sfrm0700.pfb></usr/loc
al/texlive/2021/texmf-dist/fonts/type1/public/cm-super/sfrm0800.pfb>
Output written on disstemplate.pdf (45 pages, 377174 bytes).
PDF statistics:
 255 PDF objects out of 1000 (max. 8388607)
 179 compressed objects within 2 object streams
 0 named destinations out of 1000 (max. 500000)
 6 words of extra memory for PDF output out of 10000 (max. 10000000)

